<?xml version="1.0" encoding="UTF-8"?>
<!-- Generated by org.testng.reporters.JUnitXMLReporter -->
<testsuite ignored="0" hostname="DESKTOP-TFKBUC8" failures="0" tests="4" name="Default test" time="19.39" errors="0" timestamp="2021-06-05T18:11:08 IST">
  <testcase classname="demo.test1" name="test1" time="5.725"/>
  <testcase classname="demo.test1" name="test2" time="1.542"/>
  <testcase classname="demo.test1" name="test2" time="1.764"/>
  <testcase classname="demo.test1" name="test2" time="1.768"/>
</testsuite> <!-- Default test -->
