<?xml version="1.0" encoding="UTF-8"?>
<!-- Generated by org.testng.reporters.JUnitXMLReporter -->
<testsuite ignored="2" hostname="DESKTOP-TFKBUC8" failures="0" tests="2" name="ChromeTest" time="20.781" errors="0" timestamp="18 Jun 2021 18:00:21 GMT">
  <testcase classname="com.invbanking.testclasses.TC_loginpage" name="logintest" time="0.022"/>
  <testcase classname="com.invbanking.testclasses.TC_addcustomer" name="addcustomer" time="3.098"/>
  <testcase classname="com.invbanking.testclasses.baseclass" name="@BeforeTest setup" time="0.0">
    <ignored/>
  </testcase> <!-- @BeforeTest setup -->
  <testcase classname="com.invbanking.testclasses.baseclass" name="@AfterTest quit" time="0.0">
    <ignored/>
  </testcase> <!-- @AfterTest quit -->
</testsuite> <!-- ChromeTest -->
