<?xml version="1.0" encoding="UTF-8"?>
<!-- Generated by org.testng.reporters.JUnitXMLReporter -->
<testsuite ignored="2" hostname="DESKTOP-TFKBUC8" failures="0" tests="2" name="FirefoxTest" time="51.74" errors="0" timestamp="18 Jun 2021 18:01:13 GMT">
  <testcase classname="com.invbanking.testclasses.TC_loginpage" name="logintest" time="0.01"/>
  <testcase classname="com.invbanking.testclasses.TC_addcustomer" name="addcustomer" time="2.309"/>
  <testcase classname="com.invbanking.testclasses.baseclass" name="@BeforeTest setup" time="0.0">
    <ignored/>
  </testcase> <!-- @BeforeTest setup -->
  <testcase classname="com.invbanking.testclasses.baseclass" name="@AfterTest quit" time="0.0">
    <ignored/>
  </testcase> <!-- @AfterTest quit -->
</testsuite> <!-- FirefoxTest -->
