<?xml version="1.0" encoding="UTF-8"?>
<!-- Generated by org.testng.reporters.JUnitXMLReporter -->
<testsuite ignored="2" hostname="DESKTOP-TFKBUC8" failures="0" tests="2" name="Test" time="17.081" errors="0" timestamp="12 Jun 2021 07:44:06 GMT">
  <testcase classname="com.invbanking.testclasses.TC_loginpage" name="logintest" time="0.03"/>
  <testcase classname="com.invbanking.testclasses.TC_addcustomer" name="addcustomer" time="2.827"/>
  <testcase classname="com.invbanking.testclasses.baseclass" name="@BeforeTest setup" time="0.0">
    <ignored/>
  </testcase> <!-- @BeforeTest setup -->
  <testcase classname="com.invbanking.testclasses.baseclass" name="@AfterTest quit" time="0.0">
    <ignored/>
  </testcase> <!-- @AfterTest quit -->
</testsuite> <!-- Test -->
