<?xml version="1.0" encoding="UTF-8"?>
<testsuite xmlns:xsi="http://www.w3.org/2001/XMLSchema-instance" xsi:noNamespaceSchemaLocation="https://maven.apache.org/surefire/maven-surefire-plugin/xsd/surefire-test-report-3.0.xsd" version="3.0" name="TestSuite" time="40.178" tests="4" errors="0" skipped="0" failures="0">
  <properties>
[...]
</properties>
  <testcase name="logintest" classname="com.invbanking.testclasses.TC_loginpage" time="0.003">
    <system-out><![CDATA[[TestNGContentHandler] [WARN] It is strongly recommended to add "<!DOCTYPE suite SYSTEM "http://testng.org/testng-1.0.dtd" >" at the top of your file, otherwise TestNG may fail or not work as expected.
Launching the chrome driver
 Login Test is pass
]]></system-out>
    <system-err><![CDATA[Starting ChromeDriver 91.0.4472.19 (1bf021f248676a0b2ab3ee0561d83a59e424c23e-refs/branch-heads/4472@{#288}) on port 4978
Only local connections are allowed.
Please see https://chromedriver.chromium.org/security-considerations for suggestions on keeping ChromeDriver safe.
ChromeDriver was started successfully.
Jun 18, 2021 11:50:55 PM org.openqa.selenium.remote.ProtocolHandshake createSession
INFO: Detected dialect: W3C
]]></system-err>
  </testcase>
  <testcase name="logintest" classname="com.invbanking.testclasses.TC_loginpage" time="0.002">
    <system-out><![CDATA[Launching the firefox driver
 Login Test is pass
]]></system-out>
    <system-err><![CDATA[1624040471228	geckodriver	INFO	Listening on 127.0.0.1:22682
1624040471665	mozrunner::runner	INFO	Running command: "C:\\Program Files\\Mozilla Firefox\\firefox.exe" "--marionette" "-foreground" "-no-remote" "-profile" "C:\\Users\\user\\AppData\\Local\\Temp\\rust_mozprofilenEqZvy"
1624040472772	Marionette	INFO	Marionette enabled
console.warn: SearchSettings: "get: No settings file exists, new profile?" (new NotFoundError("Could not open the file at C:\\Users\\user\\AppData\\Local\\Temp\\rust_mozprofilenEqZvy\\search.json.mozlz4", (void 0)))
1624040477648	Marionette	INFO	Listening on port 58357
1624040478703	Marionette	WARN	TLS certificate errors will be ignored for this session
Jun 18, 2021 11:51:18 PM org.openqa.selenium.remote.ProtocolHandshake createSession
INFO: Detected dialect: W3C
JavaScript error: http://demo.guru99.com/V1/index.php, line 1: SyntaxError: missing ) after argument list
1624040482717	Marionette	WARN	Ignoring event 'DOMContentLoaded' because document has an invalid readyState of 'complete'.
]]></system-err>
  </testcase>
  <testcase name="addcustomer" classname="com.invbanking.testclasses.TC_addcustomer" time="2.775">
    <system-out><![CDATA[Add customer test is pass
]]></system-out>
  </testcase>
  <testcase name="addcustomer" classname="com.invbanking.testclasses.TC_addcustomer" time="1.795">
    <system-out><![CDATA[Add customer test is pass
]]></system-out>
    <system-err><![CDATA[1624040484414	Marionette	WARN	Ignoring event 'DOMContentLoaded' because document has an invalid readyState of 'complete'.
JavaScript error: http://demo.guru99.com/V1/index.php, line 1: SyntaxError: missing ) after argument list
1624040486083	Marionette	WARN	Ignoring event 'DOMContentLoaded' because document has an invalid readyState of 'complete'.
]]></system-err>
  </testcase>
</testsuite>