<?xml version="1.0" encoding="UTF-8"?>
<testng-results ignored="0" total="4" passed="4" failed="0" skipped="0">
  <reporter-output>
  </reporter-output>
  <suite started-at="2021-06-05T18:10:49 IST" name="Default suite" finished-at="2021-06-05T18:11:08 IST" duration-ms="19390">
    <groups>
    </groups>
    <test started-at="2021-06-05T18:10:49 IST" name="Default test" finished-at="2021-06-05T18:11:08 IST" duration-ms="19390">
      <class name="demo.test1">
        <test-method is-config="true" signature="beforeclass()[pri:0, instance:demo.test1@b62d79]" started-at="2021-06-05T18:10:49 IST" name="beforeclass" finished-at="2021-06-05T18:10:54 IST" duration-ms="4841" status="PASS">
          <reporter-output>
          </reporter-output>
        </test-method> <!-- beforeclass -->
        <test-method is-config="true" signature="beforemethod()[pri:0, instance:demo.test1@b62d79]" started-at="2021-06-05T18:10:54 IST" name="beforemethod" finished-at="2021-06-05T18:10:54 IST" duration-ms="509" status="PASS">
          <reporter-output>
          </reporter-output>
        </test-method> <!-- beforemethod -->
        <test-method signature="test1()[pri:0, instance:demo.test1@b62d79]" started-at="2021-06-05T18:10:54 IST" name="test1" finished-at="2021-06-05T18:11:00 IST" duration-ms="5725" status="PASS">
          <reporter-output>
          </reporter-output>
        </test-method> <!-- test1 -->
        <test-method is-config="true" signature="aftermethod()[pri:0, instance:demo.test1@b62d79]" started-at="2021-06-05T18:11:00 IST" name="aftermethod" finished-at="2021-06-05T18:11:00 IST" duration-ms="310" status="PASS">
          <reporter-output>
          </reporter-output>
        </test-method> <!-- aftermethod -->
        <test-method is-config="true" signature="beforemethod()[pri:0, instance:demo.test1@b62d79]" started-at="2021-06-05T18:11:00 IST" name="beforemethod" finished-at="2021-06-05T18:11:00 IST" duration-ms="320" status="PASS">
          <reporter-output>
          </reporter-output>
        </test-method> <!-- beforemethod -->
        <test-method signature="test2()[pri:0, instance:demo.test1@b62d79]" started-at="2021-06-05T18:11:00 IST" name="test2" finished-at="2021-06-05T18:11:02 IST" duration-ms="1542" status="PASS">
          <reporter-output>
          </reporter-output>
        </test-method> <!-- test2 -->
        <test-method is-config="true" signature="aftermethod()[pri:0, instance:demo.test1@b62d79]" started-at="2021-06-05T18:11:02 IST" name="aftermethod" finished-at="2021-06-05T18:11:02 IST" duration-ms="253" status="PASS">
          <reporter-output>
          </reporter-output>
        </test-method> <!-- aftermethod -->
        <test-method is-config="true" signature="beforemethod()[pri:0, instance:demo.test1@b62d79]" started-at="2021-06-05T18:11:02 IST" name="beforemethod" finished-at="2021-06-05T18:11:03 IST" duration-ms="336" status="PASS">
          <reporter-output>
          </reporter-output>
        </test-method> <!-- beforemethod -->
        <test-method signature="test2()[pri:0, instance:demo.test1@b62d79]" started-at="2021-06-05T18:11:03 IST" name="test2" finished-at="2021-06-05T18:11:04 IST" duration-ms="1764" status="PASS">
          <reporter-output>
          </reporter-output>
        </test-method> <!-- test2 -->
        <test-method is-config="true" signature="aftermethod()[pri:0, instance:demo.test1@b62d79]" started-at="2021-06-05T18:11:04 IST" name="aftermethod" finished-at="2021-06-05T18:11:05 IST" duration-ms="345" status="PASS">
          <reporter-output>
          </reporter-output>
        </test-method> <!-- aftermethod -->
        <test-method is-config="true" signature="beforemethod()[pri:0, instance:demo.test1@b62d79]" started-at="2021-06-05T18:11:05 IST" name="beforemethod" finished-at="2021-06-05T18:11:05 IST" duration-ms="282" status="PASS">
          <reporter-output>
          </reporter-output>
        </test-method> <!-- beforemethod -->
        <test-method signature="test2()[pri:0, instance:demo.test1@b62d79]" started-at="2021-06-05T18:11:05 IST" name="test2" finished-at="2021-06-05T18:11:07 IST" duration-ms="1768" status="PASS">
          <reporter-output>
          </reporter-output>
        </test-method> <!-- test2 -->
        <test-method is-config="true" signature="aftermethod()[pri:0, instance:demo.test1@b62d79]" started-at="2021-06-05T18:11:07 IST" name="aftermethod" finished-at="2021-06-05T18:11:07 IST" duration-ms="224" status="PASS">
          <reporter-output>
          </reporter-output>
        </test-method> <!-- aftermethod -->
        <test-method is-config="true" signature="exit()[pri:0, instance:demo.test1@b62d79]" started-at="2021-06-05T18:11:07 IST" name="exit" finished-at="2021-06-05T18:11:08 IST" duration-ms="1097" status="PASS">
          <reporter-output>
          </reporter-output>
        </test-method> <!-- exit -->
      </class> <!-- demo.test1 -->
    </test> <!-- Default test -->
  </suite> <!-- Default suite -->
</testng-results>
