<?xml version="1.0" encoding="UTF-8"?>
<testng-results ignored="0" total="2" passed="2" failed="0" skipped="0">
  <reporter-output>
  </reporter-output>
  <suite started-at="2021-06-09T19:52:20 IST" name="Suite" finished-at="2021-06-09T19:53:12 IST" duration-ms="52332">
    <groups>
    </groups>
    <test started-at="2021-06-09T19:52:20 IST" name="Test" finished-at="2021-06-09T19:53:12 IST" duration-ms="52332">
      <class name="pom.testclasses.testclass1">
        <test-method is-config="true" signature="beforeclass()[pri:0, instance:pom.testclasses.testclass1@a2431d0]" started-at="2021-06-09T19:52:20 IST" name="beforeclass" finished-at="2021-06-09T19:52:39 IST" duration-ms="18605" status="PASS">
          <reporter-output>
          </reporter-output>
        </test-method> <!-- beforeclass -->
        <test-method signature="test1()[pri:0, instance:pom.testclasses.testclass1@a2431d0]" started-at="2021-06-09T19:52:39 IST" name="test1" finished-at="2021-06-09T19:52:47 IST" duration-ms="8182" status="PASS">
          <reporter-output>
          </reporter-output>
        </test-method> <!-- test1 -->
        <test-method is-config="true" signature="aftersuite()[pri:0, instance:pom.testclasses.testclass1@a2431d0]" started-at="2021-06-09T19:53:13 IST" name="aftersuite" finished-at="2021-06-09T19:53:15 IST" duration-ms="1334" status="PASS">
          <reporter-output>
          </reporter-output>
        </test-method> <!-- aftersuite -->
      </class> <!-- pom.testclasses.testclass1 -->
      <class name="pom.testclasses.testclass2">
        <test-method is-config="true" signature="beforemethod()[pri:0, instance:pom.testclasses.testclass2@10163d6]" started-at="2021-06-09T19:52:47 IST" name="beforemethod" finished-at="2021-06-09T19:53:02 IST" duration-ms="15051" status="PASS">
          <reporter-output>
          </reporter-output>
        </test-method> <!-- beforemethod -->
        <test-method signature="test()[pri:0, instance:pom.testclasses.testclass2@10163d6]" started-at="2021-06-09T19:53:02 IST" name="test" finished-at="2021-06-09T19:53:12 IST" duration-ms="10369" status="PASS">
          <reporter-output>
          </reporter-output>
        </test-method> <!-- test -->
      </class> <!-- pom.testclasses.testclass2 -->
    </test> <!-- Test -->
  </suite> <!-- Suite -->
</testng-results>
