<?xml version="1.0" encoding="UTF-8"?>
<testng-results ignored="4" total="8" passed="4" failed="0" skipped="0">
  <reporter-output>
  </reporter-output>
  <suite started-at="2021-06-18T18:36:17Z" name="Suite" finished-at="2021-06-18T18:37:03Z" duration-ms="45467">
    <groups>
    </groups>
    <test started-at="2021-06-18T18:36:17Z" name="ChromeTest" finished-at="2021-06-18T18:36:37Z" duration-ms="19539">
      <class name="com.invbanking.testclasses.TC_loginpage">
        <test-method is-config="true" signature="setup(java.lang.String)[pri:0, instance:com.invbanking.testclasses.TC_loginpage@398dada8]" started-at="2021-06-18T18:36:17Z" name="setup" finished-at="2021-06-18T18:36:26Z" duration-ms="8227" status="PASS">
          <params>
            <param index="0">
              <value>
                <![CDATA[Chrome]]>
              </value>
            </param>
          </params>
          <reporter-output>
          </reporter-output>
        </test-method> <!-- setup -->
        <test-method is-config="true" signature="login()[pri:0, instance:com.invbanking.testclasses.TC_loginpage@398dada8]" started-at="2021-06-18T18:36:26Z" name="login" finished-at="2021-06-18T18:36:29Z" duration-ms="2961" status="PASS">
          <reporter-output>
          </reporter-output>
        </test-method> <!-- login -->
        <test-method signature="logintest()[pri:0, instance:com.invbanking.testclasses.TC_loginpage@398dada8]" started-at="2021-06-18T18:36:29Z" name="logintest" finished-at="2021-06-18T18:36:29Z" duration-ms="18" status="PASS">
          <reporter-output>
          </reporter-output>
        </test-method> <!-- logintest -->
        <test-method is-config="true" signature="logout()[pri:0, instance:com.invbanking.testclasses.TC_loginpage@398dada8]" started-at="2021-06-18T18:36:29Z" name="logout" finished-at="2021-06-18T18:36:31Z" duration-ms="1824" status="PASS">
          <reporter-output>
          </reporter-output>
        </test-method> <!-- logout -->
        <test-method is-config="true" signature="quit()[pri:0, instance:com.invbanking.testclasses.TC_loginpage@398dada8]" started-at="2021-06-18T18:36:36Z" name="quit" finished-at="2021-06-18T18:36:37Z" duration-ms="824" status="PASS">
          <reporter-output>
          </reporter-output>
        </test-method> <!-- quit -->
      </class> <!-- com.invbanking.testclasses.TC_loginpage -->
      <class name="com.invbanking.testclasses.TC_addcustomer">
        <test-method is-config="true" signature="login()[pri:0, instance:com.invbanking.testclasses.TC_addcustomer@7cb502c]" started-at="2021-06-18T18:36:31Z" name="login" finished-at="2021-06-18T18:36:33Z" duration-ms="2612" status="PASS">
          <reporter-output>
          </reporter-output>
        </test-method> <!-- login -->
        <test-method signature="addcustomer()[pri:0, instance:com.invbanking.testclasses.TC_addcustomer@7cb502c]" started-at="2021-06-18T18:36:33Z" name="addcustomer" finished-at="2021-06-18T18:36:36Z" duration-ms="3037" status="PASS">
          <reporter-output>
          </reporter-output>
        </test-method> <!-- addcustomer -->
      </class> <!-- com.invbanking.testclasses.TC_addcustomer -->
    </test> <!-- ChromeTest -->
    <test started-at="2021-06-18T18:36:37Z" name="FirefoxTest" finished-at="2021-06-18T18:37:03Z" duration-ms="25888">
      <class name="com.invbanking.testclasses.TC_loginpage">
        <test-method is-config="true" signature="setup(java.lang.String)[pri:0, instance:com.invbanking.testclasses.TC_loginpage@2812b107]" started-at="2021-06-18T18:36:37Z" name="setup" finished-at="2021-06-18T18:36:50Z" duration-ms="12982" status="PASS">
          <params>
            <param index="0">
              <value>
                <![CDATA[Firefox]]>
              </value>
            </param>
          </params>
          <reporter-output>
          </reporter-output>
        </test-method> <!-- setup -->
        <test-method is-config="true" signature="login()[pri:0, instance:com.invbanking.testclasses.TC_loginpage@2812b107]" started-at="2021-06-18T18:36:50Z" name="login" finished-at="2021-06-18T18:36:52Z" duration-ms="1876" status="PASS">
          <reporter-output>
          </reporter-output>
        </test-method> <!-- login -->
        <test-method signature="logintest()[pri:0, instance:com.invbanking.testclasses.TC_loginpage@2812b107]" started-at="2021-06-18T18:36:52Z" name="logintest" finished-at="2021-06-18T18:36:52Z" duration-ms="9" status="PASS">
          <reporter-output>
          </reporter-output>
        </test-method> <!-- logintest -->
        <test-method is-config="true" signature="logout()[pri:0, instance:com.invbanking.testclasses.TC_loginpage@2812b107]" started-at="2021-06-18T18:36:52Z" name="logout" finished-at="2021-06-18T18:36:54Z" duration-ms="2533" status="PASS">
          <reporter-output>
          </reporter-output>
        </test-method> <!-- logout -->
        <test-method is-config="true" signature="quit()[pri:0, instance:com.invbanking.testclasses.TC_loginpage@2812b107]" started-at="2021-06-18T18:37:00Z" name="quit" finished-at="2021-06-18T18:37:03Z" duration-ms="2870" status="PASS">
          <reporter-output>
          </reporter-output>
        </test-method> <!-- quit -->
      </class> <!-- com.invbanking.testclasses.TC_loginpage -->
      <class name="com.invbanking.testclasses.TC_addcustomer">
        <test-method is-config="true" signature="login()[pri:0, instance:com.invbanking.testclasses.TC_addcustomer@df6620a]" started-at="2021-06-18T18:36:54Z" name="login" finished-at="2021-06-18T18:36:57Z" duration-ms="2407" status="PASS">
          <reporter-output>
          </reporter-output>
        </test-method> <!-- login -->
        <test-method signature="addcustomer()[pri:0, instance:com.invbanking.testclasses.TC_addcustomer@df6620a]" started-at="2021-06-18T18:36:57Z" name="addcustomer" finished-at="2021-06-18T18:37:00Z" duration-ms="3204" status="PASS">
          <reporter-output>
          </reporter-output>
        </test-method> <!-- addcustomer -->
      </class> <!-- com.invbanking.testclasses.TC_addcustomer -->
    </test> <!-- FirefoxTest -->
  </suite> <!-- Suite -->
</testng-results>
