<?xml version="1.0" encoding="UTF-8"?>
<!-- Generated by org.testng.reporters.JUnitXMLReporter -->
<testsuite ignored="2" hostname="DESKTOP-TFKBUC8" failures="0" tests="2" name="FirefoxTest" time="18.721" errors="0" timestamp="18 Jun 2021 18:21:29 GMT">
  <testcase classname="com.invbanking.testclasses.TC_loginpage" name="logintest" time="0.006"/>
  <testcase classname="com.invbanking.testclasses.TC_addcustomer" name="addcustomer" time="1.849"/>
  <testcase classname="com.invbanking.testclasses.baseclass" name="@BeforeTest setup" time="0.0">
    <ignored/>
  </testcase> <!-- @BeforeTest setup -->
  <testcase classname="com.invbanking.testclasses.baseclass" name="@AfterTest quit" time="0.0">
    <ignored/>
  </testcase> <!-- @AfterTest quit -->
</testsuite> <!-- FirefoxTest -->
